{"C:\\Users\\harip\\OneDrive\\Desktop\\Authentication\\bookswap-auth\\controllers\\users.js": {"path":"C:\\Users\\harip\\OneDrive\\Desktop\\Authentication\\bookswap-auth\\controllers\\users.js","statementMap":{"0":{"start":{"line":1,"column":15},"end":{"line":1,"column":32}},"1":{"start":{"line":2,"column":12},"end":{"line":2,"column":35}},"2":{"start":{"line":4,"column":14},"end":{"line":4,"column":39}},"3":{"start":{"line":6,"column":20},"end":{"line":6,"column":30}},"4":{"start":{"line":8,"column":14},"end":{"line":48,"column":1}},"5":{"start":{"line":9,"column":2},"end":{"line":47,"column":3}},"6":{"start":{"line":10,"column":17},"end":{"line":10,"column":25}},"7":{"start":{"line":12,"column":17},"end":{"line":12,"column":52}},"8":{"start":{"line":14,"column":18},"end":{"line":14,"column":68}},"9":{"start":{"line":16,"column":4},"end":{"line":16,"column":58}},"10":{"start":{"line":16,"column":16},"end":{"line":16,"column":58}},"11":{"start":{"line":18,"column":4},"end":{"line":44,"column":6}},"12":{"start":{"line":25,"column":8},"end":{"line":42,"column":9}},"13":{"start":{"line":26,"column":10},"end":{"line":28,"column":71}},"14":{"start":{"line":30,"column":10},"end":{"line":41,"column":13}},"15":{"start":{"line":46,"column":4},"end":{"line":46,"column":65}},"16":{"start":{"line":50,"column":15},"end":{"line":89,"column":1}},"17":{"start":{"line":51,"column":15},"end":{"line":51,"column":23}},"18":{"start":{"line":52,"column":2},"end":{"line":52,"column":24}},"19":{"start":{"line":53,"column":2},"end":{"line":88,"column":3}},"20":{"start":{"line":54,"column":17},"end":{"line":54,"column":72}},"21":{"start":{"line":55,"column":4},"end":{"line":55,"column":59}},"22":{"start":{"line":57,"column":20},"end":{"line":57,"column":44}},"23":{"start":{"line":59,"column":4},"end":{"line":85,"column":6}},"24":{"start":{"line":66,"column":8},"end":{"line":83,"column":9}},"25":{"start":{"line":67,"column":10},"end":{"line":69,"column":71}},"26":{"start":{"line":71,"column":10},"end":{"line":82,"column":13}},"27":{"start":{"line":87,"column":4},"end":{"line":87,"column":65}},"28":{"start":{"line":91,"column":20},"end":{"line":107,"column":1}},"29":{"start":{"line":92,"column":2},"end":{"line":106,"column":3}},"30":{"start":{"line":93,"column":17},"end":{"line":100,"column":5}},"31":{"start":{"line":101,"column":4},"end":{"line":101,"column":50}},"32":{"start":{"line":103,"column":4},"end":{"line":105,"column":79}},"33":{"start":{"line":109,"column":19},"end":{"line":129,"column":1}},"34":{"start":{"line":110,"column":2},"end":{"line":128,"column":3}},"35":{"start":{"line":111,"column":25},"end":{"line":111,"column":46}},"36":{"start":{"line":113,"column":4},"end":{"line":114,"column":40}},"37":{"start":{"line":114,"column":6},"end":{"line":114,"column":40}},"38":{"start":{"line":116,"column":17},"end":{"line":123,"column":5}},"39":{"start":{"line":125,"column":4},"end":{"line":125,"column":50}},"40":{"start":{"line":127,"column":4},"end":{"line":127,"column":65}},"41":{"start":{"line":131,"column":0},"end":{"line":131,"column":60}}},"fnMap":{"0":{"name":"(anonymous_0)","decl":{"start":{"line":8,"column":14},"end":{"line":8,"column":15}},"loc":{"start":{"line":8,"column":34},"end":{"line":48,"column":1}},"line":8},"1":{"name":"(anonymous_1)","decl":{"start":{"line":24,"column":6},"end":{"line":24,"column":7}},"loc":{"start":{"line":24,"column":21},"end":{"line":43,"column":7}},"line":24},"2":{"name":"(anonymous_2)","decl":{"start":{"line":50,"column":15},"end":{"line":50,"column":16}},"loc":{"start":{"line":50,"column":35},"end":{"line":89,"column":1}},"line":50},"3":{"name":"(anonymous_3)","decl":{"start":{"line":65,"column":6},"end":{"line":65,"column":7}},"loc":{"start":{"line":65,"column":21},"end":{"line":84,"column":7}},"line":65},"4":{"name":"(anonymous_4)","decl":{"start":{"line":91,"column":20},"end":{"line":91,"column":21}},"loc":{"start":{"line":91,"column":34},"end":{"line":107,"column":1}},"line":91},"5":{"name":"(anonymous_5)","decl":{"start":{"line":109,"column":19},"end":{"line":109,"column":20}},"loc":{"start":{"line":109,"column":33},"end":{"line":129,"column":1}},"line":109}},"branchMap":{"0":{"loc":{"start":{"line":16,"column":4},"end":{"line":16,"column":58}},"type":"if","locations":[{"start":{"line":16,"column":4},"end":{"line":16,"column":58}},{"start":{},"end":{}}],"line":16},"1":{"loc":{"start":{"line":25,"column":8},"end":{"line":42,"column":9}},"type":"if","locations":[{"start":{"line":25,"column":8},"end":{"line":42,"column":9}},{"start":{"line":29,"column":15},"end":{"line":42,"column":9}}],"line":25},"2":{"loc":{"start":{"line":66,"column":8},"end":{"line":83,"column":9}},"type":"if","locations":[{"start":{"line":66,"column":8},"end":{"line":83,"column":9}},{"start":{"line":70,"column":15},"end":{"line":83,"column":9}}],"line":66},"3":{"loc":{"start":{"line":92,"column":2},"end":{"line":106,"column":3}},"type":"if","locations":[{"start":{"line":92,"column":2},"end":{"line":106,"column":3}},{"start":{"line":102,"column":9},"end":{"line":106,"column":3}}],"line":92},"4":{"loc":{"start":{"line":113,"column":4},"end":{"line":114,"column":40}},"type":"if","locations":[{"start":{"line":113,"column":4},"end":{"line":114,"column":40}},{"start":{},"end":{}}],"line":113}},"s":{"0":1,"1":1,"2":1,"3":1,"4":1,"5":3,"6":3,"7":3,"8":3,"9":3,"10":1,"11":2,"12":2,"13":1,"14":1,"15":1,"16":1,"17":3,"18":3,"19":3,"20":3,"21":3,"22":3,"23":2,"24":2,"25":1,"26":1,"27":1,"28":1,"29":2,"30":1,"31":1,"32":1,"33":1,"34":2,"35":2,"36":2,"37":1,"38":1,"39":1,"40":1,"41":1},"f":{"0":3,"1":2,"2":3,"3":2,"4":2,"5":2},"b":{"0":[1,2],"1":[1,1],"2":[1,1],"3":[1,1],"4":[1,1]},"_coverageSchema":"1a1c01bbd47fc00a2c39e90264f33305004495a9","hash":"9aa71e66000008da56b76416945b4adf0c165754"}
,"C:\\Users\\harip\\OneDrive\\Desktop\\Authentication\\bookswap-auth\\db\\connect.js": {"path":"C:\\Users\\harip\\OneDrive\\Desktop\\Authentication\\bookswap-auth\\db\\connect.js","statementMap":{"0":{"start":{"line":1,"column":17},"end":{"line":1,"column":30}},"1":{"start":{"line":3,"column":20},"end":{"line":13,"column":1}},"2":{"start":{"line":15,"column":0},"end":{"line":15,"column":47}},"3":{"start":{"line":17,"column":11},"end":{"line":17,"column":54}},"4":{"start":{"line":19,"column":0},"end":{"line":19,"column":28}},"5":{"start":{"line":21,"column":0},"end":{"line":21,"column":20}}},"fnMap":{},"branchMap":{},"s":{"0":1,"1":1,"2":1,"3":1,"4":1,"5":1},"f":{},"b":{},"_coverageSchema":"1a1c01bbd47fc00a2c39e90264f33305004495a9","hash":"5a6be7bf1a0a64fe04be62f408307d3960bcfac1"}
,"C:\\Users\\harip\\OneDrive\\Desktop\\Authentication\\bookswap-auth\\models\\User.js": {"path":"C:\\Users\\harip\\OneDrive\\Desktop\\Authentication\\bookswap-auth\\models\\User.js","statementMap":{"0":{"start":{"line":1,"column":11},"end":{"line":1,"column":35}},"1":{"start":{"line":5,"column":4},"end":{"line":5,"column":27}},"2":{"start":{"line":6,"column":4},"end":{"line":6,"column":23}},"3":{"start":{"line":7,"column":4},"end":{"line":7,"column":29}},"4":{"start":{"line":8,"column":4},"end":{"line":8,"column":33}},"5":{"start":{"line":9,"column":4},"end":{"line":9,"column":31}},"6":{"start":{"line":10,"column":4},"end":{"line":10,"column":19}},"7":{"start":{"line":11,"column":4},"end":{"line":11,"column":19}},"8":{"start":{"line":15,"column":4},"end":{"line":15,"column":58}},"9":{"start":{"line":15,"column":18},"end":{"line":15,"column":58}},"10":{"start":{"line":17,"column":17},"end":{"line":19,"column":6}},"11":{"start":{"line":21,"column":4},"end":{"line":21,"column":74}},"12":{"start":{"line":21,"column":32},"end":{"line":21,"column":74}},"13":{"start":{"line":23,"column":4},"end":{"line":23,"column":34}},"14":{"start":{"line":27,"column":4},"end":{"line":27,"column":53}},"15":{"start":{"line":27,"column":16},"end":{"line":27,"column":53}},"16":{"start":{"line":29,"column":17},"end":{"line":31,"column":6}},"17":{"start":{"line":33,"column":4},"end":{"line":33,"column":74}},"18":{"start":{"line":33,"column":32},"end":{"line":33,"column":74}},"19":{"start":{"line":35,"column":4},"end":{"line":35,"column":34}},"20":{"start":{"line":39,"column":4},"end":{"line":40,"column":53}},"21":{"start":{"line":40,"column":6},"end":{"line":40,"column":53}},"22":{"start":{"line":42,"column":17},"end":{"line":45,"column":5}},"23":{"start":{"line":47,"column":4},"end":{"line":47,"column":34}},"24":{"start":{"line":51,"column":0},"end":{"line":51,"column":22}}},"fnMap":{"0":{"name":"(anonymous_0)","decl":{"start":{"line":4,"column":2},"end":{"line":4,"column":3}},"loc":{"start":{"line":4,"column":77},"end":{"line":12,"column":3}},"line":4},"1":{"name":"(anonymous_1)","decl":{"start":{"line":14,"column":2},"end":{"line":14,"column":3}},"loc":{"start":{"line":14,"column":33},"end":{"line":24,"column":3}},"line":14},"2":{"name":"(anonymous_2)","decl":{"start":{"line":26,"column":2},"end":{"line":26,"column":3}},"loc":{"start":{"line":26,"column":34},"end":{"line":36,"column":3}},"line":26},"3":{"name":"(anonymous_3)","decl":{"start":{"line":38,"column":2},"end":{"line":38,"column":3}},"loc":{"start":{"line":38,"column":76},"end":{"line":48,"column":3}},"line":38}},"branchMap":{"0":{"loc":{"start":{"line":15,"column":4},"end":{"line":15,"column":58}},"type":"if","locations":[{"start":{"line":15,"column":4},"end":{"line":15,"column":58}},{"start":{},"end":{}}],"line":15},"1":{"loc":{"start":{"line":21,"column":4},"end":{"line":21,"column":74}},"type":"if","locations":[{"start":{"line":21,"column":4},"end":{"line":21,"column":74}},{"start":{},"end":{}}],"line":21},"2":{"loc":{"start":{"line":27,"column":4},"end":{"line":27,"column":53}},"type":"if","locations":[{"start":{"line":27,"column":4},"end":{"line":27,"column":53}},{"start":{},"end":{}}],"line":27},"3":{"loc":{"start":{"line":33,"column":4},"end":{"line":33,"column":74}},"type":"if","locations":[{"start":{"line":33,"column":4},"end":{"line":33,"column":74}},{"start":{},"end":{}}],"line":33},"4":{"loc":{"start":{"line":39,"column":4},"end":{"line":40,"column":53}},"type":"if","locations":[{"start":{"line":39,"column":4},"end":{"line":40,"column":53}},{"start":{},"end":{}}],"line":39},"5":{"loc":{"start":{"line":39,"column":8},"end":{"line":39,"column":72}},"type":"binary-expr","locations":[{"start":{"line":39,"column":8},"end":{"line":39,"column":14}},{"start":{"line":39,"column":18},"end":{"line":39,"column":27}},{"start":{"line":39,"column":31},"end":{"line":39,"column":42}},{"start":{"line":39,"column":46},"end":{"line":39,"column":56}},{"start":{"line":39,"column":60},"end":{"line":39,"column":64}},{"start":{"line":39,"column":68},"end":{"line":39,"column":72}}],"line":39}},"s":{"0":1,"1":0,"2":0,"3":0,"4":0,"5":0,"6":0,"7":0,"8":0,"9":0,"10":0,"11":0,"12":0,"13":0,"14":0,"15":0,"16":0,"17":0,"18":0,"19":0,"20":0,"21":0,"22":0,"23":0,"24":1},"f":{"0":0,"1":0,"2":0,"3":0},"b":{"0":[0,0],"1":[0,0],"2":[0,0],"3":[0,0],"4":[0,0],"5":[0,0,0,0,0,0]},"_coverageSchema":"1a1c01bbd47fc00a2c39e90264f33305004495a9","hash":"49e8df9c1ce863fb652bdce20a6c082c16e63d68"}
}
