TN:
SF:controllers\users.js
FN:8,(anonymous_0)
FN:24,(anonymous_1)
FN:50,(anonymous_2)
FN:65,(anonymous_3)
FN:91,(anonymous_4)
FN:109,(anonymous_5)
FNF:6
FNH:6
FNDA:3,(anonymous_0)
FNDA:2,(anonymous_1)
FNDA:3,(anonymous_2)
FNDA:2,(anonymous_3)
FNDA:2,(anonymous_4)
FNDA:2,(anonymous_5)
DA:1,1
DA:2,1
DA:4,1
DA:6,1
DA:8,1
DA:9,3
DA:10,3
DA:12,3
DA:14,3
DA:16,3
DA:18,2
DA:25,2
DA:26,1
DA:30,1
DA:46,1
DA:50,1
DA:51,3
DA:52,3
DA:53,3
DA:54,3
DA:55,3
DA:57,3
DA:59,2
DA:66,2
DA:67,1
DA:71,1
DA:87,1
DA:91,1
DA:92,2
DA:93,1
DA:101,1
DA:103,1
DA:109,1
DA:110,2
DA:111,2
DA:113,2
DA:114,1
DA:116,1
DA:125,1
DA:127,1
DA:131,1
LF:41
LH:41
BRDA:16,0,0,1
BRDA:16,0,1,2
BRDA:25,1,0,1
BRDA:25,1,1,1
BRDA:66,2,0,1
BRDA:66,2,1,1
BRDA:92,3,0,1
BRDA:92,3,1,1
BRDA:113,4,0,1
BRDA:113,4,1,1
BRF:10
BRH:10
end_of_record
TN:
SF:db\connect.js
FNF:0
FNH:0
DA:1,1
DA:3,1
DA:15,1
DA:17,1
DA:19,1
DA:21,1
LF:6
LH:6
BRF:0
BRH:0
end_of_record
TN:
SF:models\User.js
FN:4,(anonymous_0)
FN:14,(anonymous_1)
FN:26,(anonymous_2)
FN:38,(anonymous_3)
FNF:4
FNH:0
FNDA:0,(anonymous_0)
FNDA:0,(anonymous_1)
FNDA:0,(anonymous_2)
FNDA:0,(anonymous_3)
DA:1,1
DA:5,0
DA:6,0
DA:7,0
DA:8,0
DA:9,0
DA:10,0
DA:11,0
DA:15,0
DA:17,0
DA:21,0
DA:23,0
DA:27,0
DA:29,0
DA:33,0
DA:35,0
DA:39,0
DA:40,0
DA:42,0
DA:47,0
DA:51,1
LF:21
LH:2
BRDA:15,0,0,0
BRDA:15,0,1,0
BRDA:21,1,0,0
BRDA:21,1,1,0
BRDA:27,2,0,0
BRDA:27,2,1,0
BRDA:33,3,0,0
BRDA:33,3,1,0
BRDA:39,4,0,0
BRDA:39,4,1,0
BRDA:39,5,0,0
BRDA:39,5,1,0
BRDA:39,5,2,0
BRDA:39,5,3,0
BRDA:39,5,4,0
BRDA:39,5,5,0
BRF:16
BRH:0
end_of_record
